<?xml version="1.0" encoding="UTF-8"?>
<!-- Generated by org.testng.reporters.JUnitReportReporter -->
<testsuite hostname="DESKTOP-6SHDL3O" failures="0" tests="1" name="testscripts.FourthTest" time="14.680" errors="0" timestamp="2023-01-30T20:15:29 IST" skipped="0">
  <testcase classname="testscripts.FourthTest" name="fourthTest" time="14.680"/>
  <system-out/>
</testsuite> <!-- testscripts.FourthTest -->
