<?xml version="1.0" encoding="UTF-8"?>
<!-- Generated by org.testng.reporters.JUnitReportReporter -->
<testsuite hostname="DESKTOP-6SHDL3O" failures="0" tests="1" name="testscripts.FourthTest" time="9.490" errors="0" timestamp="2023-01-30T17:20:10 IST" skipped="0">
  <testcase classname="testscripts.FourthTest" name="fourthTest" time="9.490"/>
  <system-out/>
</testsuite> <!-- testscripts.FourthTest -->
