<?xml version="1.0" encoding="UTF-8"?>
<!-- Generated by org.testng.reporters.JUnitReportReporter -->
<testsuite hostname="DESKTOP-6SHDL3O" failures="0" tests="1" name="testscripts.SecondTest" time="14.937" errors="0" timestamp="2023-01-30T17:18:45 IST" skipped="0">
  <testcase classname="testscripts.SecondTest" name="secondTest" time="14.937"/>
  <system-out/>
</testsuite> <!-- testscripts.SecondTest -->
